8/19/2015 3:42:42 PM	This log contains information about the import schema operation into project 'Lab2DB' on computer 'FELIPE-PC' by user 'Felipe'.
8/19/2015 3:42:42 PM	Import of database schema has started.
8/19/2015 3:42:48 PM	Gathering database options
8/19/2015 3:42:48 PM	Gathering users
8/19/2015 3:42:48 PM	Gathering roles
8/19/2015 3:42:48 PM	Gathering application roles
8/19/2015 3:42:48 PM	Gathering role memberships
8/19/2015 3:42:48 PM	Gathering filegroups
8/19/2015 3:42:48 PM	Gathering full-text catalogs
8/19/2015 3:42:48 PM	Gathering assemblies
8/19/2015 3:42:48 PM	Gathering certificates
8/19/2015 3:42:48 PM	Gathering asymmetric keys
8/19/2015 3:42:48 PM	Gathering symmetric keys
8/19/2015 3:42:48 PM	Gathering encrypted symmetric keys
8/19/2015 3:42:48 PM	Gathering schemas
8/19/2015 3:42:48 PM	Gathering XML schema collections
8/19/2015 3:42:48 PM	Gathering user-defined data types
8/19/2015 3:42:48 PM	Gathering user-defined types
8/19/2015 3:42:48 PM	Gathering table types
8/19/2015 3:42:48 PM	Gathering unique keys for table types
8/19/2015 3:42:48 PM	Gathering primary keys for table types
8/19/2015 3:42:48 PM	Gathering check constraints for table types
8/19/2015 3:42:48 PM	Gathering default constraints for table types
8/19/2015 3:42:48 PM	Gathering partition functions
8/19/2015 3:42:48 PM	Gathering partition schemes
8/19/2015 3:42:48 PM	Gathering functions
8/19/2015 3:42:48 PM	Gathering encrypted functions
8/19/2015 3:42:48 PM	Gathering aggregates
8/19/2015 3:42:48 PM	Gathering procedures
8/19/2015 3:42:48 PM	Gathering encrypted procedures
8/19/2015 3:42:48 PM	Gathering tables
8/19/2015 3:42:48 PM	Gathering primary keys
8/19/2015 3:42:48 PM	Gathering unique constraints
8/19/2015 3:42:48 PM	Gathering foreign keys
8/19/2015 3:42:48 PM	Gathering default constraints
8/19/2015 3:42:48 PM	Gathering check constraints
8/19/2015 3:42:48 PM	Gathering views
8/19/2015 3:42:48 PM	Gathering encrypted views
8/19/2015 3:42:48 PM	Gathering indexes
8/19/2015 3:42:48 PM	Gathering statistics
8/19/2015 3:42:48 PM	Gathering full-text index stoplists
8/19/2015 3:42:48 PM	Gathering search property lists
8/19/2015 3:42:48 PM	Gathering search properties
8/19/2015 3:42:48 PM	Gathering full-text indexes
8/19/2015 3:42:48 PM	Gathering column store indexes
8/19/2015 3:42:48 PM	Gathering spatial indexes
8/19/2015 3:42:48 PM	Gathering XML indexes
8/19/2015 3:42:48 PM	Gathering Selective XML indexes
8/19/2015 3:42:48 PM	Gathering encrypted triggers
8/19/2015 3:42:48 PM	Gathering triggers
8/19/2015 3:42:48 PM	Gathering encrypted and clr ddl triggers
8/19/2015 3:42:48 PM	Gathering ddl triggers
8/19/2015 3:42:48 PM	Gathering synonyms
8/19/2015 3:42:48 PM	Gathering defaults
8/19/2015 3:42:48 PM	Gathering data constraint uddt bindings
8/19/2015 3:42:48 PM	Gathering rules
8/19/2015 3:42:48 PM	Gathering data constraint uddt bindings
8/19/2015 3:42:48 PM	Gathering message types
8/19/2015 3:42:48 PM	Gathering queues
8/19/2015 3:42:48 PM	Gathering contracts
8/19/2015 3:42:48 PM	Gathering services
8/19/2015 3:42:48 PM	Gathering event notifications
8/19/2015 3:42:48 PM	Gathering remote service bindings
8/19/2015 3:42:48 PM	Gathering broker priorities
8/19/2015 3:42:48 PM	Gathering signatures
8/19/2015 3:42:48 PM	Gathering data compression options
8/19/2015 3:42:48 PM	Gathering sequence types
8/19/2015 3:42:48 PM	Gathering extended properties
8/19/2015 3:42:48 PM	Gathering credentials
8/19/2015 3:42:48 PM	Gathering logins
8/19/2015 3:42:48 PM	Gathering server audits
8/19/2015 3:42:49 PM	Scanning project for duplicate elements
8/19/2015 3:42:49 PM	Finished duplicate element processing
8/19/2015 3:42:49 PM	Finished importing database.
8/19/2015 3:42:49 PM	A summary of the import was saved to the following location: C:\Users\Felipe\Documents\GitHub\Laboratorio2\Laboratorio2\Lab2DB\Import Schema Logs\Lab2DB_20150819094242.log
8/19/2015 3:42:49 PM	Click Finish to continue...
